# Logfile created on 2018-10-21 14:51:19 +0900 by logger.rb/54362
  INFO ---------------------------------------------------------------------------
  INFO START 2018-10-21 14:51:19 +0900 cap production deploy
  INFO ---------------------------------------------------------------------------
 DEBUG [b86b6a9d] Running [ -d $HOME/.rbenv/versions/2.3.1 ] as ec2-user@54.250.201.239
 DEBUG [b86b6a9d] Command: [ -d $HOME/.rbenv/versions/2.3.1 ]
 DEBUG [758b8108] Finished in 0.271 seconds with exit status 0 (successful).
 DEBUG [70d99c08] Running [ ! -d /var/www/chat-space/shared/config ] as ec2-user@54.250.201.239
 DEBUG [70d99c08] Command: [ ! -d /var/www/chat-space/shared/config ]
 DEBUG [1efae8d2] Finished in 0.073 seconds with exit status 0 (successful).
  INFO [2b259310] Running mkdir -p /var/www/chat-space/shared/config as ec2-user@54.250.201.239
 DEBUG [2b259310] Command: mkdir -p /var/www/chat-space/shared/config
  INFO [dd2fa331] Finished in 0.082 seconds with exit status 0 (successful).
 DEBUG Uploading config/secrets.yml 0.0%
  INFO Uploading config/secrets.yml 100.0%
  INFO [d3f7b6e6] Running /usr/bin/env mkdir -p /tmp as ec2-user@54.250.201.239
 DEBUG [d3f7b6e6] Command: ( export RBENV_ROOT="$HOME/.rbenv" PATH="/usr/local/rbenv/shims:/usr/local/rbenv/bin:$PATH" AWS_ACCESS_KEY_ID="ここにCSVファイルに乗っている値をコピー" AWS_SECRET_ACCESS_KEY="ここにCSVファイルに乗っている値をコピー" RBENV_VERSION="2.3.1" ; /usr/bin/env mkdir -p /tmp )
  INFO [893eae4e] Finished in 0.084 seconds with exit status 0 (successful).
 DEBUG Uploading /tmp/git-ssh-chat-space-production-kawashimamikiya.sh 0.0%
  INFO Uploading /tmp/git-ssh-chat-space-production-kawashimamikiya.sh 100.0%
  INFO [a35e1760] Running /usr/bin/env chmod 700 /tmp/git-ssh-chat-space-production-kawashimamikiya.sh as ec2-user@54.250.201.239
 DEBUG [a35e1760] Command: ( export RBENV_ROOT="$HOME/.rbenv" PATH="/usr/local/rbenv/shims:/usr/local/rbenv/bin:$PATH" AWS_ACCESS_KEY_ID="ここにCSVファイルに乗っている値をコピー" AWS_SECRET_ACCESS_KEY="ここにCSVファイルに乗っている値をコピー" RBENV_VERSION="2.3.1" ; /usr/bin/env chmod 700 /tmp/git-ssh-chat-space-production-kawashimamikiya.sh )
  INFO [e3030927] Finished in 0.080 seconds with exit status 0 (successful).
  INFO [d00d9a89] Running /usr/bin/env git ls-remote git@github.com:kawashima-mikiya/chat-space.git HEAD as ec2-user@54.250.201.239
 DEBUG [d00d9a89] Command: ( export RBENV_ROOT="$HOME/.rbenv" PATH="/usr/local/rbenv/shims:/usr/local/rbenv/bin:$PATH" AWS_ACCESS_KEY_ID="ここにCSVファイルに乗っている値をコピー" AWS_SECRET_ACCESS_KEY="ここにCSVファイルに乗っている値をコピー" RBENV_VERSION="2.3.1" GIT_ASKPASS="/bin/echo" GIT_SSH="/tmp/git-ssh-chat-space-production-kawashimamikiya.sh" ; /usr/bin/env git ls-remote git@github.com:kawashima-mikiya/chat-space.git HEAD )
 DEBUG [32f8d710] 	a2f74d27d3e1d28055dd52093f1be079c9441091	HEAD
  INFO [32f8d710] Finished in 1.942 seconds with exit status 0 (successful).
  INFO [93785619] Running /usr/bin/env mkdir -p /var/www/chat-space/shared /var/www/chat-space/releases as ec2-user@54.250.201.239
 DEBUG [93785619] Command: ( export RBENV_ROOT="$HOME/.rbenv" PATH="/usr/local/rbenv/shims:/usr/local/rbenv/bin:$PATH" AWS_ACCESS_KEY_ID="ここにCSVファイルに乗っている値をコピー" AWS_SECRET_ACCESS_KEY="ここにCSVファイルに乗っている値をコピー" RBENV_VERSION="2.3.1" ; /usr/bin/env mkdir -p /var/www/chat-space/shared /var/www/chat-space/releases )
  INFO [c2f19a04] Finished in 0.034 seconds with exit status 0 (successful).
  INFO [d24818de] Running /usr/bin/env mkdir -p /var/www/chat-space/shared/log /var/www/chat-space/shared/tmp/pids /var/www/chat-space/shared/tmp/cache /var/www/chat-space/shared/tmp/sockets /var/www/chat-space/shared/vendor/bundle /var/www/chat-space/shared/public/system /var/www/chat-space/shared/public/uploads /var/www/chat-space/shared/public/assets as ec2-user@54.250.201.239
 DEBUG [d24818de] Command: ( export RBENV_ROOT="$HOME/.rbenv" PATH="/usr/local/rbenv/shims:/usr/local/rbenv/bin:$PATH" AWS_ACCESS_KEY_ID="ここにCSVファイルに乗っている値をコピー" AWS_SECRET_ACCESS_KEY="ここにCSVファイルに乗っている値をコピー" RBENV_VERSION="2.3.1" ; /usr/bin/env mkdir -p /var/www/chat-space/shared/log /var/www/chat-space/shared/tmp/pids /var/www/chat-space/shared/tmp/cache /var/www/chat-space/shared/tmp/sockets /var/www/chat-space/shared/vendor/bundle /var/www/chat-space/shared/public/system /var/www/chat-space/shared/public/uploads /var/www/chat-space/shared/public/assets )
  INFO [7132d714] Finished in 0.073 seconds with exit status 0 (successful).
  INFO [7fcc71f7] Running /usr/bin/env mkdir -p /var/www/chat-space/shared/config as ec2-user@54.250.201.239
 DEBUG [7fcc71f7] Command: ( export RBENV_ROOT="$HOME/.rbenv" PATH="/usr/local/rbenv/shims:/usr/local/rbenv/bin:$PATH" AWS_ACCESS_KEY_ID="ここにCSVファイルに乗っている値をコピー" AWS_SECRET_ACCESS_KEY="ここにCSVファイルに乗っている値をコピー" RBENV_VERSION="2.3.1" ; /usr/bin/env mkdir -p /var/www/chat-space/shared/config )
  INFO [7cff5543] Finished in 0.075 seconds with exit status 0 (successful).
 DEBUG [81ae7cc8] Running [ -f /var/www/chat-space/shared/config/secrets.yml ] as ec2-user@54.250.201.239
 DEBUG [81ae7cc8] Command: [ -f /var/www/chat-space/shared/config/secrets.yml ]
 DEBUG [7bde3e3c] Finished in 0.074 seconds with exit status 0 (successful).
 DEBUG [a034a120] Running [ -f /var/www/chat-space/current/REVISION ] as ec2-user@54.250.201.239
 DEBUG [a034a120] Command: [ -f /var/www/chat-space/current/REVISION ]
 DEBUG [d0f8d386] Finished in 0.075 seconds with exit status 1 (failed).
 DEBUG [25587045] Running [ -f /var/www/chat-space/repo/HEAD ] as ec2-user@54.250.201.239
 DEBUG [25587045] Command: [ -f /var/www/chat-space/repo/HEAD ]
 DEBUG [6453aaec] Finished in 0.074 seconds with exit status 1 (failed).
 DEBUG [c793f8b4] Running if test ! -d /var/www/chat-space; then echo "Directory does not exist '/var/www/chat-space'" 1>&2; false; fi as ec2-user@54.250.201.239
 DEBUG [c793f8b4] Command: if test ! -d /var/www/chat-space; then echo "Directory does not exist '/var/www/chat-space'" 1>&2; false; fi
 DEBUG [f0a4a105] Finished in 0.077 seconds with exit status 0 (successful).
  INFO [f3a21a2e] Running /usr/bin/env git clone --mirror git@github.com:kawashima-mikiya/chat-space.git /var/www/chat-space/repo as ec2-user@54.250.201.239
 DEBUG [f3a21a2e] Command: cd /var/www/chat-space && ( export RBENV_ROOT="$HOME/.rbenv" PATH="/usr/local/rbenv/shims:/usr/local/rbenv/bin:$PATH" AWS_ACCESS_KEY_ID="ここにCSVファイルに乗っている値をコピー" AWS_SECRET_ACCESS_KEY="ここにCSVファイルに乗っている値をコピー" RBENV_VERSION="2.3.1" GIT_ASKPASS="/bin/echo" GIT_SSH="/tmp/git-ssh-chat-space-production-kawashimamikiya.sh" ; /usr/bin/env git clone --mirror git@github.com:kawashima-mikiya/chat-space.git /var/www/chat-space/repo )
 DEBUG [1f6eba29] 	Cloning into bare repository '/var/www/chat-space/repo'...
  INFO [1f6eba29] Finished in 17.032 seconds with exit status 0 (successful).
 DEBUG [deffa50d] Running if test ! -d /var/www/chat-space/repo; then echo "Directory does not exist '/var/www/chat-space/repo'" 1>&2; false; fi as ec2-user@54.250.201.239
 DEBUG [deffa50d] Command: if test ! -d /var/www/chat-space/repo; then echo "Directory does not exist '/var/www/chat-space/repo'" 1>&2; false; fi
 DEBUG [84201bce] Finished in 0.041 seconds with exit status 0 (successful).
  INFO [1788efb0] Running /usr/bin/env git remote set-url origin git@github.com:kawashima-mikiya/chat-space.git as ec2-user@54.250.201.239
 DEBUG [1788efb0] Command: cd /var/www/chat-space/repo && ( export RBENV_ROOT="$HOME/.rbenv" PATH="/usr/local/rbenv/shims:/usr/local/rbenv/bin:$PATH" AWS_ACCESS_KEY_ID="ここにCSVファイルに乗っている値をコピー" AWS_SECRET_ACCESS_KEY="ここにCSVファイルに乗っている値をコピー" RBENV_VERSION="2.3.1" GIT_ASKPASS="/bin/echo" GIT_SSH="/tmp/git-ssh-chat-space-production-kawashimamikiya.sh" ; /usr/bin/env git remote set-url origin git@github.com:kawashima-mikiya/chat-space.git )
  INFO [eed85717] Finished in 0.082 seconds with exit status 0 (successful).
  INFO [3175f7ac] Running /usr/bin/env git remote update --prune as ec2-user@54.250.201.239
 DEBUG [3175f7ac] Command: cd /var/www/chat-space/repo && ( export RBENV_ROOT="$HOME/.rbenv" PATH="/usr/local/rbenv/shims:/usr/local/rbenv/bin:$PATH" AWS_ACCESS_KEY_ID="ここにCSVファイルに乗っている値をコピー" AWS_SECRET_ACCESS_KEY="ここにCSVファイルに乗っている値をコピー" RBENV_VERSION="2.3.1" GIT_ASKPASS="/bin/echo" GIT_SSH="/tmp/git-ssh-chat-space-production-kawashimamikiya.sh" ; /usr/bin/env git remote update --prune )
 DEBUG [e7410f2b] 	Fetching origin
  INFO [e7410f2b] Finished in 1.804 seconds with exit status 0 (successful).
 DEBUG [731ab564] Running if test ! -d /var/www/chat-space/repo; then echo "Directory does not exist '/var/www/chat-space/repo'" 1>&2; false; fi as ec2-user@54.250.201.239
 DEBUG [731ab564] Command: if test ! -d /var/www/chat-space/repo; then echo "Directory does not exist '/var/www/chat-space/repo'" 1>&2; false; fi
 DEBUG [6b7698ae] Finished in 0.039 seconds with exit status 0 (successful).
  INFO [118ba78e] Running /usr/bin/env mkdir -p /var/www/chat-space/releases/20181021055122 as ec2-user@54.250.201.239
 DEBUG [118ba78e] Command: cd /var/www/chat-space/repo && ( export RBENV_ROOT="$HOME/.rbenv" PATH="/usr/local/rbenv/shims:/usr/local/rbenv/bin:$PATH" AWS_ACCESS_KEY_ID="ここにCSVファイルに乗っている値をコピー" AWS_SECRET_ACCESS_KEY="ここにCSVファイルに乗っている値をコピー" RBENV_VERSION="2.3.1" GIT_ASKPASS="/bin/echo" GIT_SSH="/tmp/git-ssh-chat-space-production-kawashimamikiya.sh" ; /usr/bin/env mkdir -p /var/www/chat-space/releases/20181021055122 )
  INFO [c37e3ed2] Finished in 0.086 seconds with exit status 0 (successful).
  INFO [a7274139] Running /usr/bin/env git archive master | /usr/bin/env tar -x -f - -C /var/www/chat-space/releases/20181021055122 as ec2-user@54.250.201.239
 DEBUG [a7274139] Command: cd /var/www/chat-space/repo && ( export RBENV_ROOT="$HOME/.rbenv" PATH="/usr/local/rbenv/shims:/usr/local/rbenv/bin:$PATH" AWS_ACCESS_KEY_ID="ここにCSVファイルに乗っている値をコピー" AWS_SECRET_ACCESS_KEY="ここにCSVファイルに乗っている値をコピー" RBENV_VERSION="2.3.1" GIT_ASKPASS="/bin/echo" GIT_SSH="/tmp/git-ssh-chat-space-production-kawashimamikiya.sh" ; /usr/bin/env git archive master | /usr/bin/env tar -x -f - -C /var/www/chat-space/releases/20181021055122 )
  INFO [f75f1d18] Finished in 0.521 seconds with exit status 0 (successful).
 DEBUG [8a286574] Running if test ! -d /var/www/chat-space/repo; then echo "Directory does not exist '/var/www/chat-space/repo'" 1>&2; false; fi as ec2-user@54.250.201.239
 DEBUG [8a286574] Command: if test ! -d /var/www/chat-space/repo; then echo "Directory does not exist '/var/www/chat-space/repo'" 1>&2; false; fi
 DEBUG [7b3b9b6b] Finished in 0.081 seconds with exit status 0 (successful).
 DEBUG [14f44841] Running /usr/bin/env git rev-list --max-count=1 master as ec2-user@54.250.201.239
 DEBUG [14f44841] Command: cd /var/www/chat-space/repo && ( export RBENV_ROOT="$HOME/.rbenv" PATH="/usr/local/rbenv/shims:/usr/local/rbenv/bin:$PATH" AWS_ACCESS_KEY_ID="ここにCSVファイルに乗っている値をコピー" AWS_SECRET_ACCESS_KEY="ここにCSVファイルに乗っている値をコピー" RBENV_VERSION="2.3.1" GIT_ASKPASS="/bin/echo" GIT_SSH="/tmp/git-ssh-chat-space-production-kawashimamikiya.sh" ; /usr/bin/env git rev-list --max-count=1 master )
 DEBUG [61d8c09b] 	a2f74d27d3e1d28055dd52093f1be079c9441091
 DEBUG [61d8c09b] Finished in 0.083 seconds with exit status 0 (successful).
 DEBUG [72d2a189] Running if test ! -d /var/www/chat-space/releases/20181021055122; then echo "Directory does not exist '/var/www/chat-space/releases/20181021055122'" 1>&2; false; fi as ec2-user@54.250.201.239
 DEBUG [72d2a189] Command: if test ! -d /var/www/chat-space/releases/20181021055122; then echo "Directory does not exist '/var/www/chat-space/releases/20181021055122'" 1>&2; false; fi
 DEBUG [c820869d] Finished in 0.080 seconds with exit status 0 (successful).
  INFO [bb49f45d] Running /usr/bin/env echo "a2f74d27d3e1d28055dd52093f1be079c9441091" > REVISION as ec2-user@54.250.201.239
 DEBUG [bb49f45d] Command: cd /var/www/chat-space/releases/20181021055122 && ( export RBENV_ROOT="$HOME/.rbenv" PATH="/usr/local/rbenv/shims:/usr/local/rbenv/bin:$PATH" AWS_ACCESS_KEY_ID="ここにCSVファイルに乗っている値をコピー" AWS_SECRET_ACCESS_KEY="ここにCSVファイルに乗っている値をコピー" RBENV_VERSION="2.3.1" ; /usr/bin/env echo "a2f74d27d3e1d28055dd52093f1be079c9441091" > REVISION )
  INFO [1e27fa6b] Finished in 0.085 seconds with exit status 0 (successful).
  INFO [e14bdb72] Running /usr/bin/env mkdir -p /var/www/chat-space/releases/20181021055122/config as ec2-user@54.250.201.239
 DEBUG [e14bdb72] Command: ( export RBENV_ROOT="$HOME/.rbenv" PATH="/usr/local/rbenv/shims:/usr/local/rbenv/bin:$PATH" AWS_ACCESS_KEY_ID="ここにCSVファイルに乗っている値をコピー" AWS_SECRET_ACCESS_KEY="ここにCSVファイルに乗っている値をコピー" RBENV_VERSION="2.3.1" ; /usr/bin/env mkdir -p /var/www/chat-space/releases/20181021055122/config )
  INFO [c59d6d1e] Finished in 0.080 seconds with exit status 0 (successful).
 DEBUG [547e5665] Running [ -L /var/www/chat-space/releases/20181021055122/config/secrets.yml ] as ec2-user@54.250.201.239
 DEBUG [547e5665] Command: [ -L /var/www/chat-space/releases/20181021055122/config/secrets.yml ]
 DEBUG [1a91bbfd] Finished in 0.081 seconds with exit status 1 (failed).
 DEBUG [014b8845] Running [ -f /var/www/chat-space/releases/20181021055122/config/secrets.yml ] as ec2-user@54.250.201.239
 DEBUG [014b8845] Command: [ -f /var/www/chat-space/releases/20181021055122/config/secrets.yml ]
 DEBUG [e3beccfc] Finished in 0.074 seconds with exit status 1 (failed).
  INFO [73124f41] Running /usr/bin/env ln -s /var/www/chat-space/shared/config/secrets.yml /var/www/chat-space/releases/20181021055122/config/secrets.yml as ec2-user@54.250.201.239
 DEBUG [73124f41] Command: ( export RBENV_ROOT="$HOME/.rbenv" PATH="/usr/local/rbenv/shims:/usr/local/rbenv/bin:$PATH" AWS_ACCESS_KEY_ID="ここにCSVファイルに乗っている値をコピー" AWS_SECRET_ACCESS_KEY="ここにCSVファイルに乗っている値をコピー" RBENV_VERSION="2.3.1" ; /usr/bin/env ln -s /var/www/chat-space/shared/config/secrets.yml /var/www/chat-space/releases/20181021055122/config/secrets.yml )
  INFO [585669de] Finished in 0.085 seconds with exit status 0 (successful).
  INFO [33f38ab2] Running /usr/bin/env mkdir -p /var/www/chat-space/releases/20181021055122 /var/www/chat-space/releases/20181021055122/tmp /var/www/chat-space/releases/20181021055122/vendor /var/www/chat-space/releases/20181021055122/public as ec2-user@54.250.201.239
 DEBUG [33f38ab2] Command: ( export RBENV_ROOT="$HOME/.rbenv" PATH="/usr/local/rbenv/shims:/usr/local/rbenv/bin:$PATH" AWS_ACCESS_KEY_ID="ここにCSVファイルに乗っている値をコピー" AWS_SECRET_ACCESS_KEY="ここにCSVファイルに乗っている値をコピー" RBENV_VERSION="2.3.1" ; /usr/bin/env mkdir -p /var/www/chat-space/releases/20181021055122 /var/www/chat-space/releases/20181021055122/tmp /var/www/chat-space/releases/20181021055122/vendor /var/www/chat-space/releases/20181021055122/public )
  INFO [7a209f96] Finished in 0.095 seconds with exit status 0 (successful).
 DEBUG [3efe4cd7] Running [ -L /var/www/chat-space/releases/20181021055122/log ] as ec2-user@54.250.201.239
 DEBUG [3efe4cd7] Command: [ -L /var/www/chat-space/releases/20181021055122/log ]
 DEBUG [026bd3b7] Finished in 0.076 seconds with exit status 1 (failed).
 DEBUG [9f07a11a] Running [ -d /var/www/chat-space/releases/20181021055122/log ] as ec2-user@54.250.201.239
 DEBUG [9f07a11a] Command: [ -d /var/www/chat-space/releases/20181021055122/log ]
 DEBUG [257e6633] Finished in 0.077 seconds with exit status 0 (successful).
  INFO [bc348277] Running /usr/bin/env rm -rf /var/www/chat-space/releases/20181021055122/log as ec2-user@54.250.201.239
 DEBUG [bc348277] Command: ( export RBENV_ROOT="$HOME/.rbenv" PATH="/usr/local/rbenv/shims:/usr/local/rbenv/bin:$PATH" AWS_ACCESS_KEY_ID="ここにCSVファイルに乗っている値をコピー" AWS_SECRET_ACCESS_KEY="ここにCSVファイルに乗っている値をコピー" RBENV_VERSION="2.3.1" ; /usr/bin/env rm -rf /var/www/chat-space/releases/20181021055122/log )
  INFO [1f1f4f8e] Finished in 0.081 seconds with exit status 0 (successful).
  INFO [97c7907a] Running /usr/bin/env ln -s /var/www/chat-space/shared/log /var/www/chat-space/releases/20181021055122/log as ec2-user@54.250.201.239
 DEBUG [97c7907a] Command: ( export RBENV_ROOT="$HOME/.rbenv" PATH="/usr/local/rbenv/shims:/usr/local/rbenv/bin:$PATH" AWS_ACCESS_KEY_ID="ここにCSVファイルに乗っている値をコピー" AWS_SECRET_ACCESS_KEY="ここにCSVファイルに乗っている値をコピー" RBENV_VERSION="2.3.1" ; /usr/bin/env ln -s /var/www/chat-space/shared/log /var/www/chat-space/releases/20181021055122/log )
  INFO [fa9e7c46] Finished in 0.079 seconds with exit status 0 (successful).
 DEBUG [93bc42ee] Running [ -L /var/www/chat-space/releases/20181021055122/tmp/pids ] as ec2-user@54.250.201.239
 DEBUG [93bc42ee] Command: [ -L /var/www/chat-space/releases/20181021055122/tmp/pids ]
 DEBUG [6ec6eccf] Finished in 0.083 seconds with exit status 1 (failed).
 DEBUG [94ca7d83] Running [ -d /var/www/chat-space/releases/20181021055122/tmp/pids ] as ec2-user@54.250.201.239
 DEBUG [94ca7d83] Command: [ -d /var/www/chat-space/releases/20181021055122/tmp/pids ]
 DEBUG [9bc73984] Finished in 0.079 seconds with exit status 1 (failed).
  INFO [15a00074] Running /usr/bin/env ln -s /var/www/chat-space/shared/tmp/pids /var/www/chat-space/releases/20181021055122/tmp/pids as ec2-user@54.250.201.239
 DEBUG [15a00074] Command: ( export RBENV_ROOT="$HOME/.rbenv" PATH="/usr/local/rbenv/shims:/usr/local/rbenv/bin:$PATH" AWS_ACCESS_KEY_ID="ここにCSVファイルに乗っている値をコピー" AWS_SECRET_ACCESS_KEY="ここにCSVファイルに乗っている値をコピー" RBENV_VERSION="2.3.1" ; /usr/bin/env ln -s /var/www/chat-space/shared/tmp/pids /var/www/chat-space/releases/20181021055122/tmp/pids )
  INFO [f070cbcb] Finished in 0.083 seconds with exit status 0 (successful).
 DEBUG [9037f618] Running [ -L /var/www/chat-space/releases/20181021055122/tmp/cache ] as ec2-user@54.250.201.239
 DEBUG [9037f618] Command: [ -L /var/www/chat-space/releases/20181021055122/tmp/cache ]
 DEBUG [08087c26] Finished in 0.083 seconds with exit status 1 (failed).
 DEBUG [132c1b44] Running [ -d /var/www/chat-space/releases/20181021055122/tmp/cache ] as ec2-user@54.250.201.239
 DEBUG [132c1b44] Command: [ -d /var/www/chat-space/releases/20181021055122/tmp/cache ]
 DEBUG [34d64641] Finished in 0.080 seconds with exit status 0 (successful).
  INFO [a9aaa1e1] Running /usr/bin/env rm -rf /var/www/chat-space/releases/20181021055122/tmp/cache as ec2-user@54.250.201.239
 DEBUG [a9aaa1e1] Command: ( export RBENV_ROOT="$HOME/.rbenv" PATH="/usr/local/rbenv/shims:/usr/local/rbenv/bin:$PATH" AWS_ACCESS_KEY_ID="ここにCSVファイルに乗っている値をコピー" AWS_SECRET_ACCESS_KEY="ここにCSVファイルに乗っている値をコピー" RBENV_VERSION="2.3.1" ; /usr/bin/env rm -rf /var/www/chat-space/releases/20181021055122/tmp/cache )
  INFO [7721d690] Finished in 0.160 seconds with exit status 0 (successful).
  INFO [73fd4a98] Running /usr/bin/env ln -s /var/www/chat-space/shared/tmp/cache /var/www/chat-space/releases/20181021055122/tmp/cache as ec2-user@54.250.201.239
 DEBUG [73fd4a98] Command: ( export RBENV_ROOT="$HOME/.rbenv" PATH="/usr/local/rbenv/shims:/usr/local/rbenv/bin:$PATH" AWS_ACCESS_KEY_ID="ここにCSVファイルに乗っている値をコピー" AWS_SECRET_ACCESS_KEY="ここにCSVファイルに乗っている値をコピー" RBENV_VERSION="2.3.1" ; /usr/bin/env ln -s /var/www/chat-space/shared/tmp/cache /var/www/chat-space/releases/20181021055122/tmp/cache )
  INFO [6494253c] Finished in 0.080 seconds with exit status 0 (successful).
 DEBUG [820a5c0c] Running [ -L /var/www/chat-space/releases/20181021055122/tmp/sockets ] as ec2-user@54.250.201.239
 DEBUG [820a5c0c] Command: [ -L /var/www/chat-space/releases/20181021055122/tmp/sockets ]
 DEBUG [4d4ea4ce] Finished in 0.078 seconds with exit status 1 (failed).
 DEBUG [97a7872d] Running [ -d /var/www/chat-space/releases/20181021055122/tmp/sockets ] as ec2-user@54.250.201.239
 DEBUG [97a7872d] Command: [ -d /var/www/chat-space/releases/20181021055122/tmp/sockets ]
 DEBUG [9ad8c553] Finished in 0.083 seconds with exit status 1 (failed).
  INFO [cd78df96] Running /usr/bin/env ln -s /var/www/chat-space/shared/tmp/sockets /var/www/chat-space/releases/20181021055122/tmp/sockets as ec2-user@54.250.201.239
 DEBUG [cd78df96] Command: ( export RBENV_ROOT="$HOME/.rbenv" PATH="/usr/local/rbenv/shims:/usr/local/rbenv/bin:$PATH" AWS_ACCESS_KEY_ID="ここにCSVファイルに乗っている値をコピー" AWS_SECRET_ACCESS_KEY="ここにCSVファイルに乗っている値をコピー" RBENV_VERSION="2.3.1" ; /usr/bin/env ln -s /var/www/chat-space/shared/tmp/sockets /var/www/chat-space/releases/20181021055122/tmp/sockets )
  INFO [8b0c8942] Finished in 0.084 seconds with exit status 0 (successful).
 DEBUG [12a78d6a] Running [ -L /var/www/chat-space/releases/20181021055122/vendor/bundle ] as ec2-user@54.250.201.239
 DEBUG [12a78d6a] Command: [ -L /var/www/chat-space/releases/20181021055122/vendor/bundle ]
 DEBUG [1ff43ad1] Finished in 0.082 seconds with exit status 1 (failed).
 DEBUG [70ab6f09] Running [ -d /var/www/chat-space/releases/20181021055122/vendor/bundle ] as ec2-user@54.250.201.239
 DEBUG [70ab6f09] Command: [ -d /var/www/chat-space/releases/20181021055122/vendor/bundle ]
 DEBUG [b8e67dfb] Finished in 0.079 seconds with exit status 1 (failed).
  INFO [dbbe750c] Running /usr/bin/env ln -s /var/www/chat-space/shared/vendor/bundle /var/www/chat-space/releases/20181021055122/vendor/bundle as ec2-user@54.250.201.239
 DEBUG [dbbe750c] Command: ( export RBENV_ROOT="$HOME/.rbenv" PATH="/usr/local/rbenv/shims:/usr/local/rbenv/bin:$PATH" AWS_ACCESS_KEY_ID="ここにCSVファイルに乗っている値をコピー" AWS_SECRET_ACCESS_KEY="ここにCSVファイルに乗っている値をコピー" RBENV_VERSION="2.3.1" ; /usr/bin/env ln -s /var/www/chat-space/shared/vendor/bundle /var/www/chat-space/releases/20181021055122/vendor/bundle )
  INFO [3a19004b] Finished in 0.082 seconds with exit status 0 (successful).
 DEBUG [2b0e3b17] Running [ -L /var/www/chat-space/releases/20181021055122/public/system ] as ec2-user@54.250.201.239
 DEBUG [2b0e3b17] Command: [ -L /var/www/chat-space/releases/20181021055122/public/system ]
 DEBUG [cbf575fe] Finished in 0.084 seconds with exit status 1 (failed).
 DEBUG [c633bf20] Running [ -d /var/www/chat-space/releases/20181021055122/public/system ] as ec2-user@54.250.201.239
 DEBUG [c633bf20] Command: [ -d /var/www/chat-space/releases/20181021055122/public/system ]
 DEBUG [797d272d] Finished in 0.079 seconds with exit status 1 (failed).
  INFO [e06703ff] Running /usr/bin/env ln -s /var/www/chat-space/shared/public/system /var/www/chat-space/releases/20181021055122/public/system as ec2-user@54.250.201.239
 DEBUG [e06703ff] Command: ( export RBENV_ROOT="$HOME/.rbenv" PATH="/usr/local/rbenv/shims:/usr/local/rbenv/bin:$PATH" AWS_ACCESS_KEY_ID="ここにCSVファイルに乗っている値をコピー" AWS_SECRET_ACCESS_KEY="ここにCSVファイルに乗っている値をコピー" RBENV_VERSION="2.3.1" ; /usr/bin/env ln -s /var/www/chat-space/shared/public/system /var/www/chat-space/releases/20181021055122/public/system )
  INFO [05509087] Finished in 0.081 seconds with exit status 0 (successful).
 DEBUG [0945c62b] Running [ -L /var/www/chat-space/releases/20181021055122/public/uploads ] as ec2-user@54.250.201.239
 DEBUG [0945c62b] Command: [ -L /var/www/chat-space/releases/20181021055122/public/uploads ]
 DEBUG [4d008375] Finished in 0.082 seconds with exit status 1 (failed).
 DEBUG [b4f4a53b] Running [ -d /var/www/chat-space/releases/20181021055122/public/uploads ] as ec2-user@54.250.201.239
 DEBUG [b4f4a53b] Command: [ -d /var/www/chat-space/releases/20181021055122/public/uploads ]
 DEBUG [c5c2af63] Finished in 0.083 seconds with exit status 0 (successful).
  INFO [c15426de] Running /usr/bin/env rm -rf /var/www/chat-space/releases/20181021055122/public/uploads as ec2-user@54.250.201.239
 DEBUG [c15426de] Command: ( export RBENV_ROOT="$HOME/.rbenv" PATH="/usr/local/rbenv/shims:/usr/local/rbenv/bin:$PATH" AWS_ACCESS_KEY_ID="ここにCSVファイルに乗っている値をコピー" AWS_SECRET_ACCESS_KEY="ここにCSVファイルに乗っている値をコピー" RBENV_VERSION="2.3.1" ; /usr/bin/env rm -rf /var/www/chat-space/releases/20181021055122/public/uploads )
  INFO [ecbd190d] Finished in 0.090 seconds with exit status 0 (successful).
  INFO [aea0f0b0] Running /usr/bin/env ln -s /var/www/chat-space/shared/public/uploads /var/www/chat-space/releases/20181021055122/public/uploads as ec2-user@54.250.201.239
 DEBUG [aea0f0b0] Command: ( export RBENV_ROOT="$HOME/.rbenv" PATH="/usr/local/rbenv/shims:/usr/local/rbenv/bin:$PATH" AWS_ACCESS_KEY_ID="ここにCSVファイルに乗っている値をコピー" AWS_SECRET_ACCESS_KEY="ここにCSVファイルに乗っている値をコピー" RBENV_VERSION="2.3.1" ; /usr/bin/env ln -s /var/www/chat-space/shared/public/uploads /var/www/chat-space/releases/20181021055122/public/uploads )
  INFO [836ffeed] Finished in 0.083 seconds with exit status 0 (successful).
 DEBUG [e4ec7f5b] Running [ -L /var/www/chat-space/releases/20181021055122/public/assets ] as ec2-user@54.250.201.239
 DEBUG [e4ec7f5b] Command: [ -L /var/www/chat-space/releases/20181021055122/public/assets ]
 DEBUG [b6294b3d] Finished in 0.085 seconds with exit status 1 (failed).
 DEBUG [36534670] Running [ -d /var/www/chat-space/releases/20181021055122/public/assets ] as ec2-user@54.250.201.239
 DEBUG [36534670] Command: [ -d /var/www/chat-space/releases/20181021055122/public/assets ]
 DEBUG [95f85ac5] Finished in 0.083 seconds with exit status 1 (failed).
  INFO [b69fe23b] Running /usr/bin/env ln -s /var/www/chat-space/shared/public/assets /var/www/chat-space/releases/20181021055122/public/assets as ec2-user@54.250.201.239
 DEBUG [b69fe23b] Command: ( export RBENV_ROOT="$HOME/.rbenv" PATH="/usr/local/rbenv/shims:/usr/local/rbenv/bin:$PATH" AWS_ACCESS_KEY_ID="ここにCSVファイルに乗っている値をコピー" AWS_SECRET_ACCESS_KEY="ここにCSVファイルに乗っている値をコピー" RBENV_VERSION="2.3.1" ; /usr/bin/env ln -s /var/www/chat-space/shared/public/assets /var/www/chat-space/releases/20181021055122/public/assets )
  INFO [b19e5c3b] Finished in 0.084 seconds with exit status 0 (successful).
 DEBUG [4bc9b392] Running if test ! -d /var/www/chat-space/releases/20181021055122; then echo "Directory does not exist '/var/www/chat-space/releases/20181021055122'" 1>&2; false; fi as ec2-user@54.250.201.239
 DEBUG [4bc9b392] Command: if test ! -d /var/www/chat-space/releases/20181021055122; then echo "Directory does not exist '/var/www/chat-space/releases/20181021055122'" 1>&2; false; fi
 DEBUG [feee002e] Finished in 0.082 seconds with exit status 0 (successful).
 DEBUG [853f3b93] Running $HOME/.rbenv/bin/rbenv exec bundle check --path /var/www/chat-space/shared/bundle as ec2-user@54.250.201.239
 DEBUG [853f3b93] Command: cd /var/www/chat-space/releases/20181021055122 && ( export RBENV_ROOT="$HOME/.rbenv" PATH="/usr/local/rbenv/shims:/usr/local/rbenv/bin:$PATH" AWS_ACCESS_KEY_ID="ここにCSVファイルに乗っている値をコピー" AWS_SECRET_ACCESS_KEY="ここにCSVファイルに乗っている値をコピー" RBENV_VERSION="2.3.1" ; $HOME/.rbenv/bin/rbenv exec bundle check --path /var/www/chat-space/shared/bundle )
 DEBUG [7a6c2361] 	Your Gemfile lists the gem carrierwave (>= 0) more than once.
You should probably keep only one of them.
While it's not a problem now, it could cause errors if you change the version of one of them later.
 DEBUG [7a6c2361] 	The dependency tzinfo-data (>= 0) will be unused by any of the platforms Bundler is installing for. Bundler is installing for ruby but the dependency is only for x86-mingw32, x86-mswin32, x64-mingw32, java. To add those platforms to the bundle, run `bundle lock --add-platform x86-mingw32 x86-mswin32 x64-mingw32 java`.
 DEBUG [7a6c2361] 	The following gems are missing
 DEBUG [7a6c2361] 	 * rake (12.3.1)
 DEBUG [7a6c2361] 	 * concurrent-ruby (1.0.5)
 DEBUG [7a6c2361] 	 * i18n (1.1.0)
 DEBUG [7a6c2361] 	 * minitest (5.11.3)
 DEBUG [7a6c2361] 	 * thread_safe (0.3.6)
 DEBUG [7a6c2361] 	 * tzinfo (1.2.5)
 DEBUG [7a6c2361] 	 * activesupport (5.0.7)
 DEBUG [7a6c2361] 	 * builder (3.2.3)
 DEBUG [7a6c2361] 	 * erubis (2.7.0)
 DEBUG [7a6c2361] 	 * mini_portile2 (2.3.0)
 DEBUG [7a6c2361] 	 * nokogiri (1.8.4)
 DEBUG [7a6c2361] 	 * rails-dom-testing (2.0.3)
 DEBUG [7a6c2361] 	 * crass (1.0.4)
 DEBUG [7a6c2361] 	 * loofah (2.2.2)
 DEBUG [7a6c2361] 	 * rails-html-sanitizer (1.0.4)
 DEBUG [7a6c2361] 	 * actionview (5.0.7)
 DEBUG [7a6c2361] 	 * rack (2.0.5)
 DEBUG [7a6c2361] 	 * rack-test (0.6.3)
 DEBUG [7a6c2361] 	 * actionpack (5.0.7)
 DEBUG [7a6c2361] 	 * nio4r (2.3.1)
 DEBUG [7a6c2361] 	 * websocket-extensions (0.1.3)
 DEBUG [7a6c2361] 	 * websocket-driver (0.6.5)
 DEBUG [7a6c2361] 	 * actioncable (5.0.7)
 DEBUG [7a6c2361] 	 * globalid (0.4.1)
 DEBUG [7a6c2361] 	 * activejob (5.0.7)
 DEBUG [7a6c2361] 	 * mini_mime (1.0.1)
 DEBUG [7a6c2361] 	 * mail (2.7.0)
 DEBUG [7a6c2361] 	 * actionmailer (5.0.7)
 DEBUG [7a6c2361] 	 * activemodel (5.0.7)
 DEBUG [7a6c2361] 	 * arel (7.1.4)
 DEBUG [7a6c2361] 	 * activerecord (5.0.7)
 DEBUG [7a6c2361] 	 * net-ssh (5.0.2)
 DEBUG [7a6c2361] 	 * net-scp (1.2.1)
 DEBUG [7a6c2361] 	 * sshkit (1.17.0)
 DEBUG [7a6c2361] 	 * airbrussh (1.3.0)
 DEBUG [7a6c2361] 	 * bcrypt (3.1.12)
 DEBUG [7a6c2361] 	 * debug_inspector (0.0.3)
 DEBUG [7a6c2361] 	 * binding_of_caller (0.8.0)
 DEBUG [7a6c2361] 	 * byebug (10.0.2)
 DEBUG [7a6c2361] 	 * capistrano (3.11.0)
 DEBUG [7a6c2361] 	 * capistrano-bundler (1.3.0)
 DEBUG [7a6c2361] 	 * capistrano-rails (1.4.0)
 DEBUG [7a6c2361] 	 * capistrano-rbenv (2.1.4)
 DEBUG [7a6c2361] 	 * capistrano3-unicorn (0.2.1)
 DEBUG [7a6c2361] 	 * mime-types-data (3.2018.0812)
 DEBUG [7a6c2361] 	 * mime-types (3.2.2)
 DEBUG [7a6c2361] 	 * carrierwave (1.2.3)
 DEBUG [7a6c2361] 	 * coderay (1.1.2)
 DEBUG [7a6c2361] 	 * coffee-script-source (1.12.2)
 DEBUG [7a6c2361] 	 * execjs (2.7.0)
 DEBUG [7a6c2361] 	 * coffee-script (2.4.1)
 DEBUG [7a6c2361] 	 * method_source (0.9.0)
 DEBUG [7a6c2361] 	 * thor (0.20.0)
 DEBUG [7a6c2361] 	 * railties (5.0.7)
 DEBUG [7a6c2361] 	 * coffee-rails (4.2.2)
 DEBUG [7a6c2361] 	 * orm_adapter (0.5.0)
 DEBUG [7a6c2361] 	 * responders (2.4.0)
 DEBUG [7a6c2361] 	 * warden (1.2.7)
 DEBUG [7a6c2361] 	 * devise (4.5.0)
 DEBUG [7a6c2361] 	 * diff-lcs (1.3)
 DEBUG [7a6c2361] 	 * temple (0.8.0)
 DEBUG [7a6c2361] 	 * tilt (2.0.8)
 DEBUG [7a6c2361] 	 * haml (5.0.4)
 DEBUG [7a6c2361] 	 * sexp_processor (4.11.0)
 DEBUG [7a6c2361] 	 * ruby_parser (3.11.0)
 DEBUG [7a6c2361] 	 * html2haml (2.2.0)
 DEBUG [7a6c2361] 	 * erb2haml (0.1.5)
 DEBUG [7a6c2361] 	 * excon (0.62.0)
 DEBUG [7a6c2361] 	 * factory_girl (4.9.0)
 DEBUG [7a6c2361] 	 * factory_girl_rails (4.9.0)
 DEBUG [7a6c2361] 	 * faker (1.9.1)
 DEBUG [7a6c2361] 	 * ffi (1.9.25)
 DEBUG [7a6c2361] 	 * formatador (0.2.5)
 DEBUG [7a6c2361] 	 * fog-core (2.1.2)
 DEBUG [7a6c2361] 	 * multi_json (1.13.1)
 DEBUG [7a6c2361] 	 * fog-json (1.2.0)
 DEBUG [7a6c2361] 	 * fog-xml (0.1.3)
 DEBUG [7a6c2361] 	 * ipaddress (0.8.3)
 DEBUG [7a6c2361] 	 * fog-aws (3.3.0)
 DEBUG [7a6c2361] 	 * font-awesome-rails (4.7.0.4)
 DEBUG [7a6c2361] 	 * haml-rails (1.0.0)
 DEBUG [7a6c2361] 	 * jbuilder (2.7.0)
 DEBUG [7a6c2361] 	 * jquery-rails (4.3.3)
 DEBUG [7a6c2361] 	 * kgio (2.11.2)
 DEBUG [7a6c2361] 	 * rb-fsevent (0.10.3)
 DEBUG [7a6c2361] 	 * rb-inotify (0.9.10)
 DEBUG [7a6c2361] 	 * listen (3.0.8)
 DEBUG [7a6c2361] 	 * mini_magick (4.9.2)
 DEBUG [7a6c2361] 	 * mysql2 (0.4.10)
 DEBUG [7a6c2361] 	 * pry (0.11.3)
 DEBUG [7a6c2361] 	 * pry-rails (0.3.6)
 DEBUG [7a6c2361] 	 * puma (3.12.0)
 DEBUG [7a6c2361] 	 * sprockets (3.7.2)
 DEBUG [7a6c2361] 	 * sprockets-rails (3.2.1)
 DEBUG [7a6c2361] 	 * rails (5.0.7)
 DEBUG [7a6c2361] 	 * rails-controller-testing (1.0.2)
 DEBUG [7a6c2361] 	 * raindrops (0.19.0)
 DEBUG [7a6c2361] 	 * rspec-support (3.8.0)
 DEBUG [7a6c2361] 	 * rspec-core (3.8.0)
 DEBUG [7a6c2361] 	 * rspec-expectations (3.8.2)
 DEBUG [7a6c2361] 	 * rspec-mocks (3.8.0)
 DEBUG [7a6c2361] 	 * rspec-rails (3.8.0)
 DEBUG [7a6c2361] 	 * sass-listen (4.0.0)
 DEBUG [7a6c2361] 	 * sass (3.6.0)
 DEBUG [7a6c2361] 	 * sass-rails (5.0.7)
 DEBUG [7a6c2361] 	 * spring (2.0.2)
 DEBUG [7a6c2361] 	 * spring-watcher-listen (2.0.1)
 DEBUG [7a6c2361] 	 * turbolinks-source (5.2.0)
 DEBUG [7a6c2361] 	 * turbolinks (5.2.0)
 DEBUG [7a6c2361] 	 * uglifier (4.1.19)
 DEBUG [7a6c2361] 	 * unicorn (5.4.1)
 DEBUG [7a6c2361] 	 * web-console (2.3.0)
 DEBUG [7a6c2361] 	Install missing gems with `bundle install`
 DEBUG [7a6c2361] Finished in 0.332 seconds with exit status 1 (failed).
  INFO [41802931] Running $HOME/.rbenv/bin/rbenv exec bundle install --path /var/www/chat-space/shared/bundle --without development test --deployment --quiet as ec2-user@54.250.201.239
 DEBUG [41802931] Command: cd /var/www/chat-space/releases/20181021055122 && ( export RBENV_ROOT="$HOME/.rbenv" PATH="/usr/local/rbenv/shims:/usr/local/rbenv/bin:$PATH" AWS_ACCESS_KEY_ID="ここにCSVファイルに乗っている値をコピー" AWS_SECRET_ACCESS_KEY="ここにCSVファイルに乗っている値をコピー" RBENV_VERSION="2.3.1" ; $HOME/.rbenv/bin/rbenv exec bundle install --path /var/www/chat-space/shared/bundle --without development test --deployment --quiet )
  INFO [3fb962de] Finished in 84.667 seconds with exit status 0 (successful).
 DEBUG [a3699ad7] Running if test ! -d /var/www/chat-space/releases/20181021055122; then echo "Directory does not exist '/var/www/chat-space/releases/20181021055122'" 1>&2; false; fi as ec2-user@54.250.201.239
 DEBUG [a3699ad7] Command: if test ! -d /var/www/chat-space/releases/20181021055122; then echo "Directory does not exist '/var/www/chat-space/releases/20181021055122'" 1>&2; false; fi
 DEBUG [837736f6] Finished in 0.111 seconds with exit status 0 (successful).
  INFO [14ba6142] Running $HOME/.rbenv/bin/rbenv exec bundle exec rake assets:precompile as ec2-user@54.250.201.239
 DEBUG [14ba6142] Command: cd /var/www/chat-space/releases/20181021055122 && ( export RBENV_ROOT="$HOME/.rbenv" PATH="/usr/local/rbenv/shims:/usr/local/rbenv/bin:$PATH" AWS_ACCESS_KEY_ID="ここにCSVファイルに乗っている値をコピー" AWS_SECRET_ACCESS_KEY="ここにCSVファイルに乗っている値をコピー" RBENV_VERSION="2.3.1" RAILS_ENV="production" RAILS_GROUPS="" ; $HOME/.rbenv/bin/rbenv exec bundle exec rake assets:precompile )
 DEBUG [213a4740] 	rake aborted!
Uglifier::Error: Unexpected character '`'
/var/www/chat-space/shared/bundle/ruby/2.3.0/gems/uglifier-4.1.19/lib/uglifier.rb:234:in `parse_result'
/var/www/chat-space/shared/bundle/ruby/2.3.0/gems/uglifier-4.1.19/lib/uglifier.rb:216:in `run_uglifyjs'
/var/www/chat-space/shared/bundle/ruby/2.3.0/gems/uglifier-4.1.19/lib/uglifier.rb:168:in `compile'
/var/www/chat-space/shared/bundle/ruby/2.3.0/gems/sprockets-3.7.2/lib/sprockets/uglifier_compressor.rb:53:in `call'
/var/www/chat-space/shared/bundle/ruby/2.3.0/gems/sprockets-3.7.2/lib/sprockets/uglifier_compressor.rb:28:in `call'
/var/www/chat-space/shared/bundle/ruby/2.3.0/gems/sprockets-3.7.2/lib/sprockets/processor_utils.rb:75:in `call_processor'
/var/www/chat-space/shared/bundle/ruby/2.3.0/gems/sprockets-3.7.2/lib/sprockets/processor_utils.rb:57:in `block in call_processors'
/var/www/chat-space/shared/bundle/ruby/2.3.0/gems/sprockets-3.7.2/lib/sprockets/processor_utils.rb:56:in `reverse_each'
/var/www/chat-space/shared/bundle/ruby/2.3.0/gems/sprockets-3.7.2/lib/sprockets/processor_utils.rb:56:in `call_processors'
/var/www/chat-space/shared/bundle/ruby/2.3.0/gems/sprockets-3.7.2/lib/sprockets/loader.rb:134:in `load_from_unloaded'
/var/www/chat-space/shared/bundle/ruby/2.3.0/gems/sprockets-3.7.2/lib/sprockets/loader.rb:60:in `block in load'
/var/www/chat-space/shared/bundle/ruby/2.3.0/gems/sprockets-3.7.2/lib/sprockets/loader.rb:317:in `fetch_asset_from_dependency_cache'
/var/www/chat-space/shared/bundle/ruby/2.3.0/gems/sprockets-3.7.2/lib/sprockets/loader.rb:44:in `load'
/var/www/chat-space/shared/bundle/ruby/2.3.0/gems/sprockets-3.7.2/lib/sprockets/cached_environment.rb:20:in `block in initialize'
/var/www/chat-space/shared/bundle/ruby/2.3.0/gems/sprockets-3.7.2/lib/sprockets/cached_environment.rb:47:in `load'
/var/www/chat-space/shared/bundle/ruby/2.3.0/gems/sprockets-3.7.2/lib/sprockets/base.rb:66:in `find_asset'
/var/www/chat-space/shared/bundle/ruby/2.3.0/gems/sprockets-3.7.2/lib/sprockets/base.rb:73:in `find_all_linked_assets'
/var/www/chat-space/shared/bundle/ruby/2.3.0/gems/sprockets-3.7.2/lib/sprockets/manifest.rb:142:in `block in find'
/var/www/chat-space/shared/bundle/ruby/2.3.0/gems/sprockets-3.7.2/lib/sprockets/legacy.rb:114:in `block (2 levels) in logical_paths'
/var/www/chat-space/shared/bundle/ruby/2.3.0/gems/sprockets-3.7.2/lib/sprockets/path_utils.rb:228:in `block in stat_tree'
/var/www/chat-space/shared/bundle/ruby/2.3.0/gems/sprockets-3.7.2/lib/sprockets/path_utils.rb:212:in `block in stat_directory'
/var/www/chat-space/shared/bundle/ruby/2.3.0/gems/sprockets-3.7.2/lib/sprockets/path_utils.rb:209:in `each'
/var/www/chat-space/shared/bundle/ruby/2.3.0/gems/sprockets-3.7.2/lib/sprockets/path_utils.rb:209:in `stat_directory'
/var/www/chat-space/shared/bundle/ruby/2.3.0/gems/sprockets-3.7.2/lib/sprockets/path_utils.rb:227:in `stat_tree'
/var/www/chat-space/shared/bundle/ruby/2.3.0/gems/sprockets-3.7.2/lib/sprockets/legacy.rb:105:in `each'
/var/www/chat-space/shared/bundle/ruby/2.3.0/gems/sprockets-3.7.2/lib/sprockets/legacy.rb:105:in `block in logical_paths'
/var/www/chat-space/shared/bundle/ruby/2.3.0/gems/sprockets-3.7.2/lib/sprockets/legacy.rb:104:in `each'
/var/www/chat-space/shared/bundle/ruby/2.3.0/gems/sprockets-3.7.2/lib/sprockets/legacy.rb:104:in `logical_paths'
/var/www/chat-space/shared/bundle/ruby/2.3.0/gems/sprockets-3.7.2/lib/sprockets/manifest.rb:140:in `find'
/var/www/chat-space/shared/bundle/ruby/2.3.0/gems/sprockets-3.7.2/lib/sprockets/manifest.rb:186:in `compile'
/var/www/chat-space/shared/bundle/ruby/2.3.0/gems/sprockets-rails-3.2.1/lib/sprockets/rails/task.rb:68:in `block (3 levels) in define'
/var/www/chat-space/shared/bundle/ruby/2.3.0/gems/sprockets-3.7.2/lib/rake/sprocketstask.rb:147:in `with_logger'
/var/www/chat-space/shared/bundle/ruby/2.3.0/gems/sprockets-rails-3.2.1/lib/sprockets/rails/task.rb:67:in `block (2 levels) in define'
/var/www/chat-space/shared/bundle/ruby/2.3.0/gems/rake-12.3.1/exe/rake:27:in `<top (required)>'
/home/ec2-user/.rbenv/versions/2.3.1/bin/bundle:23:in `load'
/home/ec2-user/.rbenv/versions/2.3.1/bin/bundle:23:in `<main>'
Tasks: TOP => assets:precompile
(See full trace by running task with --trace)
